/*
 * REF: https://www.tutorialspoint.com/assembly_programming
 */
================================================================================
[logical_instructions.png]
The first operand in all the cases could be either in register or in memory. The 
second operand could be either in register/memory or an immediate (constant) 
value. However, memory-to-memory operations are not possible. These instructions 
compare or match bits of the operands and set the CF, OF, PF, SF and ZF flags.

================================================================================
The AND instruction is used for supporting logical expressions by performing 
bitwise AND operation. The bitwise AND operation returns 1, if the matching bits 
from both the operands are 1, otherwise it returns 0.

# Example
             Operand1: 	0101
             Operand2: 	0011
----------------------------
After AND -> Operand1:	0001
---

The AND operation can be used for clearing one or more bits. For example, say the
BL register contains 0011 1010. If you need to clear the high-order bits to zero, 
you AND it with 0FH.

# Example
AND	BL, 0FH ; This sets BL to 0000 1010
---

If you want to check whether a given number is odd or even, a simple test would 
be to check the least significant bit of the number. If this is 1, the number is 
odd, else the number is even. 

# Example
; Assuming the number is in AL register

AND	AL, 01H ; ANDing with 0000 0001
JZ  EVEN_NUMBER
---

Similarly to clear the entire register you can AND it with 00H.

================================================================================
The OR instruction is used for supporting logical expression by performing bitwise 
OR operation. The bitwise OR operator returns 1, if the matching bits from either 
or both operands are one. It returns 0, if both the bits are zero.

# Example
            Operand1:  0101
            Operand2:  0011
---------------------------
After OR -> Operand1:  0111

The OR operation can be used for setting one or more bits. For example, let us 
assume the AL register contains 0011 1010, you need to set the four low-order 
bits, you can OR it with a value 0000 1111, i.e., FH.

# Example
OR BL, 0FH  ; This sets BL to  0011 1111

================================================================================
The XOR instruction implements the bitwise XOR operation. The XOR operation sets 
the resultant bit to 1, if and only if the bits from the operands are different. 
If the bits from the operands are same (both 0 or both 1), the resultant bit is 
cleared to 0.

# Example
             Operand1:  0101
             Operand2:  0011
----------------------------
After XOR -> Operand1:  0110

XORing an operand with itself changes the operand to 0. This is used to clear a 
register.

# Example
XOR     EAX, EAX

================================================================================
The TEST instruction works same as the AND operation, but unlike AND instruction, 
it does not change the first operand. So, if we need to check whether a number 
in a register is even or odd, we can also do this using the TEST instruction 
without changing the original number.

TEST    AL, 01H
JZ      EVEN_NUMBER

================================================================================
The NOT instruction implements the bitwise NOT operation. NOT operation reverses 
the bits in an operand. The operand could be either in a register or in the 
memory.

# Example
             Operand1:    0101 0011
After NOT -> Operand1:    1010 1100

NOT EAX

================================================================================